[0509/193909.262:WARNING:minidump_to_upload_parameters.cc(36)] duplicate key guid, discarding value d65a1899-09b7-452a-9205-75ebe6d8f3c1
[0512/235023.228:ERROR:process_reader_win.cc(154)] SuspendThread: Access is denied. (0x5)
[0512/235023.223:ERROR:process_reader_win.cc(154)] SuspendThread: Access is denied. (0x5)
[0512/235023.231:ERROR:process_reader_win.cc(154)] SuspendThread: Access is denied. (0x5)
[0512/235023.231:ERROR:process_reader_win.cc(154)] SuspendThread: Access is denied. (0x5)
[0512/235023.231:ERROR:process_reader_win.cc(154)] SuspendThread: Access is denied. (0x5)
[0512/235023.231:ERROR:process_reader_win.cc(154)] SuspendThread: Access is denied. (0x5)
[0512/235023.233:ERROR:process_reader_win.cc(154)] SuspendThread: Access is denied. (0x5)
[0512/235023.233:ERROR:process_reader_win.cc(154)] SuspendThread: Access is denied. (0x5)
[0512/235023.233:ERROR:process_reader_win.cc(154)] SuspendThread: Access is denied. (0x5)
[0512/235023.233:ERROR:process_reader_win.cc(154)] SuspendThread: Access is denied. (0x5)
[0512/235023.233:ERROR:process_reader_win.cc(154)] SuspendThread: Access is denied. (0x5)
[0512/235023.233:ERROR:process_reader_win.cc(154)] SuspendThread: Access is denied. (0x5)
[0512/235023.233:ERROR:process_reader_win.cc(154)] SuspendThread: Access is denied. (0x5)
[0512/235023.233:ERROR:process_reader_win.cc(154)] SuspendThread: Access is denied. (0x5)
[0512/235023.223:ERROR:process_reader_win.cc(126)] NtOpenThread: {Access Denied} A process has requested access to an object, but has not been granted those access rights. (0xc0000022)
[0512/235023.233:ERROR:exception_snapshot_win.cc(98)] thread ID 46016 not found in process
[0512/235023.234:ERROR:process_reader_win.cc(154)] SuspendThread: Access is denied. (0x5)
[0512/235023.234:ERROR:process_reader_win.cc(154)] SuspendThread: Access is denied. (0x5)
[0512/235023.234:ERROR:process_reader_win.cc(154)] SuspendThread: Access is denied. (0x5)
[0512/235023.234:ERROR:process_reader_win.cc(126)] NtOpenThread: {Access Denied} A process has requested access to an object, but has not been granted those access rights. (0xc0000022)
[0512/235023.234:ERROR:exception_snapshot_win.cc(98)] thread ID 40768 not found in process
[0512/235023.234:ERROR:process_reader_win.cc(154)] SuspendThread: Access is denied. (0x5)
[0512/235023.234:ERROR:process_reader_win.cc(154)] SuspendThread: Access is denied. (0x5)
[0512/235023.234:ERROR:process_reader_win.cc(154)] SuspendThread: Access is denied. (0x5)
[0512/235023.234:ERROR:process_reader_win.cc(126)] NtOpenThread: {Access Denied} A process has requested access to an object, but has not been granted those access rights. (0xc0000022)
[0512/235023.234:ERROR:exception_snapshot_win.cc(98)] thread ID 43248 not found in process
[0512/235023.240:ERROR:process_reader_win.cc(154)] SuspendThread: Access is denied. (0x5)
[0512/235023.240:ERROR:process_reader_win.cc(154)] SuspendThread: Access is denied. (0x5)
[0512/235023.240:ERROR:process_reader_win.cc(154)] SuspendThread: Access is denied. (0x5)
[0512/235023.240:ERROR:process_reader_win.cc(154)] SuspendThread: Access is denied. (0x5)
[0512/235023.240:ERROR:process_reader_win.cc(154)] SuspendThread: Access is denied. (0x5)
[0512/235023.240:ERROR:process_reader_win.cc(154)] SuspendThread: Access is denied. (0x5)
[0512/235023.240:ERROR:process_reader_win.cc(154)] SuspendThread: Access is denied. (0x5)
[0512/235023.240:ERROR:process_reader_win.cc(154)] SuspendThread: Access is denied. (0x5)
[0512/235023.240:ERROR:process_reader_win.cc(126)] NtOpenThread: {Access Denied} A process has requested access to an object, but has not been granted those access rights. (0xc0000022)
[0512/235023.240:ERROR:exception_snapshot_win.cc(98)] thread ID 9272 not found in process
[0512/235023.240:ERROR:process_reader_win.cc(154)] SuspendThread: Access is denied. (0x5)
[0512/235023.240:ERROR:process_reader_win.cc(154)] SuspendThread: Access is denied. (0x5)
[0512/235023.241:ERROR:process_reader_win.cc(154)] SuspendThread: Access is denied. (0x5)
[0512/235023.241:ERROR:process_reader_win.cc(154)] SuspendThread: Access is denied. (0x5)
[0512/235023.241:ERROR:process_reader_win.cc(154)] SuspendThread: Access is denied. (0x5)
[0512/235023.241:ERROR:process_reader_win.cc(154)] SuspendThread: Access is denied. (0x5)
[0512/235023.241:ERROR:process_reader_win.cc(154)] SuspendThread: Access is denied. (0x5)
[0512/235023.241:ERROR:process_reader_win.cc(154)] SuspendThread: Access is denied. (0x5)
[0512/235023.241:ERROR:process_reader_win.cc(154)] SuspendThread: Access is denied. (0x5)
[0512/235023.241:ERROR:process_reader_win.cc(154)] SuspendThread: Access is denied. (0x5)
[0512/235023.241:ERROR:process_reader_win.cc(126)] NtOpenThread: {Access Denied} A process has requested access to an object, but has not been granted those access rights. (0xc0000022)
[0512/235023.241:ERROR:exception_snapshot_win.cc(98)] thread ID 48268 not found in process
[0512/235023.250:ERROR:process_reader_win.cc(126)] NtOpenThread: {Access Denied} A process has requested access to an object, but has not been granted those access rights. (0xc0000022)
[0512/235023.250:ERROR:exception_snapshot_win.cc(98)] thread ID 43552 not found in process
[0512/235023.260:ERROR:process_reader_win.cc(126)] NtOpenThread: {Access Denied} A process has requested access to an object, but has not been granted those access rights. (0xc0000022)
[0512/235023.261:ERROR:exception_snapshot_win.cc(98)] thread ID 47532 not found in process
[0512/235023.272:ERROR:process_reader_win.cc(154)] SuspendThread: Access is denied. (0x5)
[0512/235023.272:ERROR:process_reader_win.cc(154)] SuspendThread: Access is denied. (0x5)
[0512/235023.272:ERROR:process_reader_win.cc(154)] SuspendThread: Access is denied. (0x5)
[0512/235023.272:ERROR:process_reader_win.cc(154)] SuspendThread: Access is denied. (0x5)
[0512/235023.272:ERROR:process_reader_win.cc(154)] SuspendThread: Access is denied. (0x5)
[0512/235023.272:ERROR:process_reader_win.cc(154)] SuspendThread: Access is denied. (0x5)
[0512/235023.272:ERROR:process_reader_win.cc(154)] SuspendThread: Access is denied. (0x5)
[0512/235023.272:ERROR:process_reader_win.cc(154)] SuspendThread: Access is denied. (0x5)
[0512/235023.272:ERROR:process_reader_win.cc(154)] SuspendThread: Access is denied. (0x5)
[0512/235023.272:ERROR:process_reader_win.cc(154)] SuspendThread: Access is denied. (0x5)
[0512/235023.272:ERROR:process_reader_win.cc(126)] NtOpenThread: {Access Denied} A process has requested access to an object, but has not been granted those access rights. (0xc0000022)
[0512/235023.272:ERROR:exception_snapshot_win.cc(98)] thread ID 2752 not found in process
[0512/235023.286:ERROR:process_reader_win.cc(154)] SuspendThread: Access is denied. (0x5)
[0512/235023.286:ERROR:process_reader_win.cc(154)] SuspendThread: Access is denied. (0x5)
[0512/235023.286:ERROR:process_reader_win.cc(154)] SuspendThread: Access is denied. (0x5)
[0512/235023.286:ERROR:process_reader_win.cc(154)] SuspendThread: Access is denied. (0x5)
[0512/235023.287:ERROR:process_reader_win.cc(154)] SuspendThread: Access is denied. (0x5)
[0512/235023.287:ERROR:process_reader_win.cc(154)] SuspendThread: Access is denied. (0x5)
[0512/235023.287:ERROR:process_reader_win.cc(154)] SuspendThread: Access is denied. (0x5)
[0512/235023.287:ERROR:process_reader_win.cc(154)] SuspendThread: Access is denied. (0x5)
[0512/235023.287:ERROR:process_reader_win.cc(154)] SuspendThread: Access is denied. (0x5)
[0512/235023.287:ERROR:process_reader_win.cc(126)] NtOpenThread: {Access Denied} A process has requested access to an object, but has not been granted those access rights. (0xc0000022)
[0512/235023.287:ERROR:exception_snapshot_win.cc(98)] thread ID 19840 not found in process
[0512/235023.289:ERROR:process_reader_win.cc(126)] NtOpenThread: {Access Denied} A process has requested access to an object, but has not been granted those access rights. (0xc0000022)
[0512/235023.289:ERROR:exception_snapshot_win.cc(98)] thread ID 19596 not found in process
[0512/235023.297:ERROR:process_reader_win.cc(126)] NtOpenThread: {Access Denied} A process has requested access to an object, but has not been granted those access rights. (0xc0000022)
[0512/235023.301:ERROR:exception_snapshot_win.cc(98)] thread ID 43824 not found in process
[0512/235023.313:ERROR:process_reader_win.cc(126)] NtOpenThread: {Access Denied} A process has requested access to an object, but has not been granted those access rights. (0xc0000022)
[0512/235023.313:ERROR:exception_snapshot_win.cc(98)] thread ID 36816 not found in process
[0512/235023.322:ERROR:process_reader_win.cc(126)] NtOpenThread: {Access Denied} A process has requested access to an object, but has not been granted those access rights. (0xc0000022)
[0512/235023.322:ERROR:exception_snapshot_win.cc(98)] thread ID 27728 not found in process
[0512/235023.335:ERROR:process_reader_win.cc(126)] NtOpenThread: {Access Denied} A process has requested access to an object, but has not been granted those access rights. (0xc0000022)
[0512/235023.335:ERROR:exception_snapshot_win.cc(98)] thread ID 23508 not found in process
[0512/235023.336:ERROR:process_reader_win.cc(154)] SuspendThread: Access is denied. (0x5)
[0512/235023.336:ERROR:process_reader_win.cc(154)] SuspendThread: Access is denied. (0x5)
[0512/235023.336:ERROR:process_reader_win.cc(154)] SuspendThread: Access is denied. (0x5)
[0512/235023.336:ERROR:process_reader_win.cc(154)] SuspendThread: Access is denied. (0x5)
[0512/235023.336:ERROR:process_reader_win.cc(154)] SuspendThread: Access is denied. (0x5)
[0512/235023.336:ERROR:process_reader_win.cc(154)] SuspendThread: Access is denied. (0x5)
[0512/235023.336:ERROR:process_reader_win.cc(154)] SuspendThread: Access is denied. (0x5)
[0512/235023.336:ERROR:process_reader_win.cc(154)] SuspendThread: Access is denied. (0x5)
[0512/235023.336:ERROR:process_reader_win.cc(154)] SuspendThread: Access is denied. (0x5)
[0512/235023.336:ERROR:process_reader_win.cc(154)] SuspendThread: Access is denied. (0x5)
[0512/235023.336:ERROR:process_reader_win.cc(154)] SuspendThread: Access is denied. (0x5)
[0512/235023.336:ERROR:process_reader_win.cc(154)] SuspendThread: Access is denied. (0x5)
[0512/235023.336:ERROR:process_reader_win.cc(126)] NtOpenThread: {Access Denied} A process has requested access to an object, but has not been granted those access rights. (0xc0000022)
[0512/235023.336:ERROR:exception_snapshot_win.cc(98)] thread ID 10352 not found in process
[0512/235023.353:ERROR:process_reader_win.cc(126)] NtOpenThread: {Access Denied} A process has requested access to an object, but has not been granted those access rights. (0xc0000022)
[0512/235023.355:ERROR:exception_snapshot_win.cc(98)] thread ID 28052 not found in process
[0512/235023.359:ERROR:process_reader_win.cc(126)] NtOpenThread: {Access Denied} A process has requested access to an object, but has not been granted those access rights. (0xc0000022)
[0512/235023.359:ERROR:exception_snapshot_win.cc(98)] thread ID 46716 not found in process
[0512/235023.362:ERROR:process_reader_win.cc(154)] SuspendThread: Access is denied. (0x5)
[0512/235023.362:ERROR:process_reader_win.cc(154)] SuspendThread: Access is denied. (0x5)
[0512/235023.362:ERROR:process_reader_win.cc(154)] SuspendThread: Access is denied. (0x5)
[0512/235023.362:ERROR:process_reader_win.cc(154)] SuspendThread: Access is denied. (0x5)
[0512/235023.362:ERROR:process_reader_win.cc(154)] SuspendThread: Access is denied. (0x5)
[0512/235023.362:ERROR:process_reader_win.cc(154)] SuspendThread: Access is denied. (0x5)
[0512/235023.362:ERROR:process_reader_win.cc(154)] SuspendThread: Access is denied. (0x5)
[0512/235023.362:ERROR:process_reader_win.cc(154)] SuspendThread: Access is denied. (0x5)
[0512/235023.362:ERROR:process_reader_win.cc(154)] SuspendThread: Access is denied. (0x5)
[0512/235023.362:ERROR:process_reader_win.cc(126)] NtOpenThread: {Access Denied} A process has requested access to an object, but has not been granted those access rights. (0xc0000022)
[0512/235023.362:ERROR:exception_snapshot_win.cc(98)] thread ID 47344 not found in process
[0512/235023.366:ERROR:process_reader_win.cc(154)] SuspendThread: Access is denied. (0x5)
[0512/235023.366:ERROR:process_reader_win.cc(154)] SuspendThread: Access is denied. (0x5)
[0512/235023.366:ERROR:process_reader_win.cc(154)] SuspendThread: Access is denied. (0x5)
[0512/235023.366:ERROR:process_reader_win.cc(154)] SuspendThread: Access is denied. (0x5)
[0512/235023.366:ERROR:process_reader_win.cc(154)] SuspendThread: Access is denied. (0x5)
[0512/235023.366:ERROR:process_reader_win.cc(154)] SuspendThread: Access is denied. (0x5)
[0512/235023.366:ERROR:process_reader_win.cc(154)] SuspendThread: Access is denied. (0x5)
[0512/235023.366:ERROR:process_reader_win.cc(154)] SuspendThread: Access is denied. (0x5)
[0512/235023.367:ERROR:process_reader_win.cc(154)] SuspendThread: Access is denied. (0x5)
[0512/235023.367:ERROR:process_reader_win.cc(126)] NtOpenThread: {Access Denied} A process has requested access to an object, but has not been granted those access rights. (0xc0000022)
[0512/235023.367:ERROR:exception_snapshot_win.cc(98)] thread ID 5768 not found in process
[0512/235023.367:ERROR:process_reader_win.cc(126)] NtOpenThread: {Access Denied} A process has requested access to an object, but has not been granted those access rights. (0xc0000022)
[0512/235023.367:ERROR:exception_snapshot_win.cc(98)] thread ID 41868 not found in process
[0512/235023.369:ERROR:process_reader_win.cc(154)] SuspendThread: Access is denied. (0x5)
[0512/235023.369:ERROR:process_reader_win.cc(154)] SuspendThread: Access is denied. (0x5)
[0512/235023.370:ERROR:process_reader_win.cc(154)] SuspendThread: Access is denied. (0x5)
[0512/235023.370:ERROR:process_reader_win.cc(154)] SuspendThread: Access is denied. (0x5)
[0512/235023.370:ERROR:process_reader_win.cc(154)] SuspendThread: Access is denied. (0x5)
[0512/235023.370:ERROR:process_reader_win.cc(154)] SuspendThread: Access is denied. (0x5)
[0512/235023.370:ERROR:process_reader_win.cc(154)] SuspendThread: Access is denied. (0x5)
[0512/235023.370:ERROR:process_reader_win.cc(154)] SuspendThread: Access is denied. (0x5)
[0512/235023.370:ERROR:process_reader_win.cc(126)] NtOpenThread: {Access Denied} A process has requested access to an object, but has not been granted those access rights. (0xc0000022)
[0512/235023.370:ERROR:exception_snapshot_win.cc(98)] thread ID 33720 not found in process
[0512/235023.404:ERROR:process_reader_win.cc(126)] NtOpenThread: {Access Denied} A process has requested access to an object, but has not been granted those access rights. (0xc0000022)
[0512/235023.404:ERROR:exception_snapshot_win.cc(98)] thread ID 36284 not found in process
[0512/235023.412:ERROR:process_reader_win.cc(126)] NtOpenThread: {Access Denied} A process has requested access to an object, but has not been granted those access rights. (0xc0000022)
[0512/235023.412:ERROR:exception_snapshot_win.cc(98)] thread ID 49060 not found in process
[0512/235023.413:ERROR:process_reader_win.cc(126)] NtOpenThread: {Access Denied} A process has requested access to an object, but has not been granted those access rights. (0xc0000022)
[0512/235023.414:ERROR:exception_snapshot_win.cc(98)] thread ID 6304 not found in process
[0512/235023.425:ERROR:process_reader_win.cc(126)] NtOpenThread: {Access Denied} A process has requested access to an object, but has not been granted those access rights. (0xc0000022)
[0512/235023.425:ERROR:exception_snapshot_win.cc(98)] thread ID 37896 not found in process
[0512/235023.433:ERROR:process_reader_win.cc(154)] SuspendThread: Access is denied. (0x5)
[0512/235023.433:ERROR:process_reader_win.cc(154)] SuspendThread: Access is denied. (0x5)
[0512/235023.433:ERROR:process_reader_win.cc(154)] SuspendThread: Access is denied. (0x5)
[0512/235023.433:ERROR:process_reader_win.cc(154)] SuspendThread: Access is denied. (0x5)
[0512/235023.433:ERROR:process_reader_win.cc(154)] SuspendThread: Access is denied. (0x5)
[0512/235023.433:ERROR:process_reader_win.cc(154)] SuspendThread: Access is denied. (0x5)
[0512/235023.433:ERROR:process_reader_win.cc(154)] SuspendThread: Access is denied. (0x5)
[0512/235023.433:ERROR:process_reader_win.cc(126)] NtOpenThread: {Access Denied} A process has requested access to an object, but has not been granted those access rights. (0xc0000022)
[0512/235023.433:ERROR:exception_snapshot_win.cc(98)] thread ID 23524 not found in process
[0512/235023.442:ERROR:process_reader_win.cc(154)] SuspendThread: Access is denied. (0x5)
[0512/235023.442:ERROR:process_reader_win.cc(154)] SuspendThread: Access is denied. (0x5)
[0512/235023.442:ERROR:process_reader_win.cc(154)] SuspendThread: Access is denied. (0x5)
[0512/235023.442:ERROR:process_reader_win.cc(154)] SuspendThread: Access is denied. (0x5)
[0512/235023.442:ERROR:process_reader_win.cc(154)] SuspendThread: Access is denied. (0x5)
[0512/235023.442:ERROR:process_reader_win.cc(154)] SuspendThread: Access is denied. (0x5)
[0512/235023.442:ERROR:process_reader_win.cc(154)] SuspendThread: Access is denied. (0x5)
[0512/235023.442:ERROR:process_reader_win.cc(154)] SuspendThread: Access is denied. (0x5)
[0512/235023.442:ERROR:process_reader_win.cc(154)] SuspendThread: Access is denied. (0x5)
[0512/235023.442:ERROR:process_reader_win.cc(126)] NtOpenThread: {Access Denied} A process has requested access to an object, but has not been granted those access rights. (0xc0000022)
[0512/235023.442:ERROR:exception_snapshot_win.cc(98)] thread ID 11432 not found in process
[0512/235023.453:ERROR:process_reader_win.cc(154)] SuspendThread: Access is denied. (0x5)
[0512/235023.453:ERROR:process_reader_win.cc(154)] SuspendThread: Access is denied. (0x5)
[0512/235023.453:ERROR:process_reader_win.cc(154)] SuspendThread: Access is denied. (0x5)
[0512/235023.453:ERROR:process_reader_win.cc(154)] SuspendThread: Access is denied. (0x5)
[0512/235023.453:ERROR:process_reader_win.cc(154)] SuspendThread: Access is denied. (0x5)
[0512/235023.453:ERROR:process_reader_win.cc(154)] SuspendThread: Access is denied. (0x5)
[0512/235023.453:ERROR:process_reader_win.cc(154)] SuspendThread: Access is denied. (0x5)
[0512/235023.453:ERROR:process_reader_win.cc(154)] SuspendThread: Access is denied. (0x5)
[0512/235023.453:ERROR:process_reader_win.cc(154)] SuspendThread: Access is denied. (0x5)
[0512/235023.453:ERROR:process_reader_win.cc(126)] NtOpenThread: {Access Denied} A process has requested access to an object, but has not been granted those access rights. (0xc0000022)
[0512/235023.453:ERROR:exception_snapshot_win.cc(98)] thread ID 17844 not found in process
[0512/235023.461:ERROR:process_reader_win.cc(154)] SuspendThread: Access is denied. (0x5)
[0512/235023.462:ERROR:process_reader_win.cc(154)] SuspendThread: Access is denied. (0x5)
[0512/235023.462:ERROR:process_reader_win.cc(154)] SuspendThread: Access is denied. (0x5)
[0512/235023.462:ERROR:process_reader_win.cc(154)] SuspendThread: Access is denied. (0x5)
[0512/235023.462:ERROR:process_reader_win.cc(154)] SuspendThread: Access is denied. (0x5)
[0512/235023.462:ERROR:process_reader_win.cc(154)] SuspendThread: Access is denied. (0x5)
[0512/235023.462:ERROR:process_reader_win.cc(154)] SuspendThread: Access is denied. (0x5)
[0512/235023.462:ERROR:process_reader_win.cc(154)] SuspendThread: Access is denied. (0x5)
[0512/235023.462:ERROR:process_reader_win.cc(126)] NtOpenThread: {Access Denied} A process has requested access to an object, but has not been granted those access rights. (0xc0000022)
[0512/235023.462:ERROR:exception_snapshot_win.cc(98)] thread ID 1464 not found in process
[0512/235023.484:ERROR:process_reader_win.cc(154)] SuspendThread: Access is denied. (0x5)
[0512/235023.484:ERROR:process_reader_win.cc(154)] SuspendThread: Access is denied. (0x5)
[0512/235023.484:ERROR:process_reader_win.cc(154)] SuspendThread: Access is denied. (0x5)
[0512/235023.484:ERROR:process_reader_win.cc(154)] SuspendThread: Access is denied. (0x5)
[0512/235023.484:ERROR:process_reader_win.cc(154)] SuspendThread: Access is denied. (0x5)
[0512/235023.484:ERROR:process_reader_win.cc(154)] SuspendThread: Access is denied. (0x5)
[0512/235023.484:ERROR:process_reader_win.cc(126)] NtOpenThread: {Access Denied} A process has requested access to an object, but has not been granted those access rights. (0xc0000022)
[0512/235023.484:ERROR:exception_snapshot_win.cc(98)] thread ID 41232 not found in process
[0512/235023.487:ERROR:process_reader_win.cc(126)] NtOpenThread: {Access Denied} A process has requested access to an object, but has not been granted those access rights. (0xc0000022)
[0512/235023.487:ERROR:exception_snapshot_win.cc(98)] thread ID 2708 not found in process
[0512/235023.490:ERROR:process_reader_win.cc(154)] SuspendThread: Access is denied. (0x5)
[0512/235023.490:ERROR:process_reader_win.cc(154)] SuspendThread: Access is denied. (0x5)
[0512/235023.490:ERROR:process_reader_win.cc(154)] SuspendThread: Access is denied. (0x5)
[0512/235023.490:ERROR:process_reader_win.cc(154)] SuspendThread: Access is denied. (0x5)
[0512/235023.490:ERROR:process_reader_win.cc(154)] SuspendThread: Access is denied. (0x5)
[0512/235023.490:ERROR:process_reader_win.cc(154)] SuspendThread: Access is denied. (0x5)
[0512/235023.490:ERROR:process_reader_win.cc(154)] SuspendThread: Access is denied. (0x5)
[0512/235023.490:ERROR:process_reader_win.cc(154)] SuspendThread: Access is denied. (0x5)
[0512/235023.490:ERROR:process_reader_win.cc(154)] SuspendThread: Access is denied. (0x5)
[0512/235023.490:ERROR:process_reader_win.cc(126)] NtOpenThread: {Access Denied} A process has requested access to an object, but has not been granted those access rights. (0xc0000022)
[0512/235023.490:ERROR:exception_snapshot_win.cc(98)] thread ID 47764 not found in process
[0512/235023.490:ERROR:process_reader_win.cc(154)] SuspendThread: Access is denied. (0x5)
[0512/235023.491:ERROR:process_reader_win.cc(154)] SuspendThread: Access is denied. (0x5)
[0512/235023.491:ERROR:process_reader_win.cc(154)] SuspendThread: Access is denied. (0x5)
[0512/235023.491:ERROR:process_reader_win.cc(154)] SuspendThread: Access is denied. (0x5)
[0512/235023.491:ERROR:process_reader_win.cc(154)] SuspendThread: Access is denied. (0x5)
[0512/235023.491:ERROR:process_reader_win.cc(154)] SuspendThread: Access is denied. (0x5)
[0512/235023.491:ERROR:process_reader_win.cc(154)] SuspendThread: Access is denied. (0x5)
[0512/235023.491:ERROR:process_reader_win.cc(154)] SuspendThread: Access is denied. (0x5)
[0512/235023.491:ERROR:process_reader_win.cc(154)] SuspendThread: Access is denied. (0x5)
[0512/235023.491:ERROR:process_reader_win.cc(154)] SuspendThread: Access is denied. (0x5)
[0512/235023.491:ERROR:process_reader_win.cc(126)] NtOpenThread: {Access Denied} A process has requested access to an object, but has not been granted those access rights. (0xc0000022)
[0512/235023.491:ERROR:exception_snapshot_win.cc(98)] thread ID 23040 not found in process
[0512/235023.496:ERROR:process_reader_win.cc(154)] SuspendThread: Access is denied. (0x5)
[0512/235023.496:ERROR:process_reader_win.cc(154)] SuspendThread: Access is denied. (0x5)
[0512/235023.496:ERROR:process_reader_win.cc(154)] SuspendThread: Access is denied. (0x5)
[0512/235023.496:ERROR:process_reader_win.cc(154)] SuspendThread: Access is denied. (0x5)
[0512/235023.496:ERROR:process_reader_win.cc(126)] NtOpenThread: {Access Denied} A process has requested access to an object, but has not been granted those access rights. (0xc0000022)
[0512/235023.496:ERROR:exception_snapshot_win.cc(98)] thread ID 45184 not found in process
[0512/235023.496:ERROR:process_reader_win.cc(126)] NtOpenThread: {Access Denied} A process has requested access to an object, but has not been granted those access rights. (0xc0000022)
[0512/235023.497:ERROR:exception_snapshot_win.cc(98)] thread ID 47148 not found in process
[0512/235023.501:ERROR:process_reader_win.cc(154)] SuspendThread: Access is denied. (0x5)
[0512/235023.501:ERROR:process_reader_win.cc(154)] SuspendThread: Access is denied. (0x5)
[0512/235023.501:ERROR:process_reader_win.cc(154)] SuspendThread: Access is denied. (0x5)
[0512/235023.501:ERROR:process_reader_win.cc(154)] SuspendThread: Access is denied. (0x5)
[0512/235023.501:ERROR:process_reader_win.cc(154)] SuspendThread: Access is denied. (0x5)
[0512/235023.501:ERROR:process_reader_win.cc(154)] SuspendThread: Access is denied. (0x5)
[0512/235023.501:ERROR:process_reader_win.cc(154)] SuspendThread: Access is denied. (0x5)
[0512/235023.501:ERROR:process_reader_win.cc(154)] SuspendThread: Access is denied. (0x5)
[0512/235023.501:ERROR:process_reader_win.cc(126)] NtOpenThread: {Access Denied} A process has requested access to an object, but has not been granted those access rights. (0xc0000022)
[0512/235023.501:ERROR:exception_snapshot_win.cc(98)] thread ID 45708 not found in process
[0512/235023.508:ERROR:process_reader_win.cc(154)] SuspendThread: Access is denied. (0x5)
[0512/235023.508:ERROR:process_reader_win.cc(154)] SuspendThread: Access is denied. (0x5)
[0512/235023.508:ERROR:process_reader_win.cc(154)] SuspendThread: Access is denied. (0x5)
[0512/235023.508:ERROR:process_reader_win.cc(154)] SuspendThread: Access is denied. (0x5)
[0512/235023.508:ERROR:process_reader_win.cc(154)] SuspendThread: Access is denied. (0x5)
[0512/235023.508:ERROR:process_reader_win.cc(154)] SuspendThread: Access is denied. (0x5)
[0512/235023.508:ERROR:process_reader_win.cc(154)] SuspendThread: Access is denied. (0x5)
[0512/235023.508:ERROR:process_reader_win.cc(154)] SuspendThread: Access is denied. (0x5)
[0512/235023.508:ERROR:process_reader_win.cc(126)] NtOpenThread: {Access Denied} A process has requested access to an object, but has not been granted those access rights. (0xc0000022)
[0512/235023.508:ERROR:exception_snapshot_win.cc(98)] thread ID 30188 not found in process
[0512/235023.509:ERROR:process_reader_win.cc(154)] SuspendThread: Access is denied. (0x5)
[0512/235023.509:ERROR:process_reader_win.cc(154)] SuspendThread: Access is denied. (0x5)
[0512/235023.509:ERROR:process_reader_win.cc(154)] SuspendThread: Access is denied. (0x5)
[0512/235023.509:ERROR:process_reader_win.cc(154)] SuspendThread: Access is denied. (0x5)
[0512/235023.509:ERROR:process_reader_win.cc(154)] SuspendThread: Access is denied. (0x5)
[0512/235023.509:ERROR:process_reader_win.cc(154)] SuspendThread: Access is denied. (0x5)
[0512/235023.509:ERROR:process_reader_win.cc(154)] SuspendThread: Access is denied. (0x5)
[0512/235023.509:ERROR:process_reader_win.cc(154)] SuspendThread: Access is denied. (0x5)
[0512/235023.509:ERROR:process_reader_win.cc(126)] NtOpenThread: {Access Denied} A process has requested access to an object, but has not been granted those access rights. (0xc0000022)
[0512/235023.509:ERROR:exception_snapshot_win.cc(98)] thread ID 37312 not found in process
[0512/235023.514:ERROR:process_reader_win.cc(154)] SuspendThread: Access is denied. (0x5)
[0512/235023.514:ERROR:process_reader_win.cc(154)] SuspendThread: Access is denied. (0x5)
[0512/235023.514:ERROR:process_reader_win.cc(154)] SuspendThread: Access is denied. (0x5)
[0512/235023.515:ERROR:process_reader_win.cc(154)] SuspendThread: Access is denied. (0x5)
[0512/235023.515:ERROR:process_reader_win.cc(154)] SuspendThread: Access is denied. (0x5)
[0512/235023.515:ERROR:process_reader_win.cc(154)] SuspendThread: Access is denied. (0x5)
[0512/235023.515:ERROR:process_reader_win.cc(154)] SuspendThread: Access is denied. (0x5)
[0512/235023.515:ERROR:process_reader_win.cc(154)] SuspendThread: Access is denied. (0x5)
[0512/235023.515:ERROR:process_reader_win.cc(126)] NtOpenThread: {Access Denied} A process has requested access to an object, but has not been granted those access rights. (0xc0000022)
[0512/235023.515:ERROR:exception_snapshot_win.cc(98)] thread ID 29640 not found in process
[0512/235023.519:ERROR:process_reader_win.cc(154)] SuspendThread: Access is denied. (0x5)
[0512/235023.519:ERROR:process_reader_win.cc(154)] SuspendThread: Access is denied. (0x5)
[0512/235023.519:ERROR:process_reader_win.cc(154)] SuspendThread: Access is denied. (0x5)
[0512/235023.519:ERROR:process_reader_win.cc(154)] SuspendThread: Access is denied. (0x5)
[0512/235023.519:ERROR:process_reader_win.cc(154)] SuspendThread: Access is denied. (0x5)
[0512/235023.519:ERROR:process_reader_win.cc(154)] SuspendThread: Access is denied. (0x5)
[0512/235023.520:ERROR:process_reader_win.cc(154)] SuspendThread: Access is denied. (0x5)
[0512/235023.520:ERROR:process_reader_win.cc(154)] SuspendThread: Access is denied. (0x5)
[0512/235023.520:ERROR:process_reader_win.cc(154)] SuspendThread: Access is denied. (0x5)
[0512/235023.520:ERROR:process_reader_win.cc(154)] SuspendThread: Access is denied. (0x5)
[0512/235023.520:ERROR:process_reader_win.cc(154)] SuspendThread: Access is denied. (0x5)
[0512/235023.520:ERROR:process_reader_win.cc(126)] NtOpenThread: {Access Denied} A process has requested access to an object, but has not been granted those access rights. (0xc0000022)
[0512/235023.520:ERROR:exception_snapshot_win.cc(98)] thread ID 40284 not found in process
[0512/235023.530:ERROR:process_reader_win.cc(154)] SuspendThread: Access is denied. (0x5)
[0512/235023.530:ERROR:process_reader_win.cc(154)] SuspendThread: Access is denied. (0x5)
[0512/235023.530:ERROR:process_reader_win.cc(154)] SuspendThread: Access is denied. (0x5)
[0512/235023.530:ERROR:process_reader_win.cc(154)] SuspendThread: Access is denied. (0x5)
[0512/235023.530:ERROR:process_reader_win.cc(154)] SuspendThread: Access is denied. (0x5)
[0512/235023.530:ERROR:process_reader_win.cc(154)] SuspendThread: Access is denied. (0x5)
[0512/235023.530:ERROR:process_reader_win.cc(154)] SuspendThread: Access is denied. (0x5)
[0512/235023.530:ERROR:process_reader_win.cc(154)] SuspendThread: Access is denied. (0x5)
[0512/235023.530:ERROR:process_reader_win.cc(154)] SuspendThread: Access is denied. (0x5)
[0512/235023.530:ERROR:process_reader_win.cc(154)] SuspendThread: Access is denied. (0x5)
[0512/235023.530:ERROR:process_reader_win.cc(154)] SuspendThread: Access is denied. (0x5)
[0512/235023.530:ERROR:process_reader_win.cc(154)] SuspendThread: Access is denied. (0x5)
[0512/235023.530:ERROR:process_reader_win.cc(126)] NtOpenThread: {Access Denied} A process has requested access to an object, but has not been granted those access rights. (0xc0000022)
[0512/235023.530:ERROR:exception_snapshot_win.cc(98)] thread ID 47516 not found in process
[0512/235023.536:ERROR:process_reader_win.cc(154)] SuspendThread: Access is denied. (0x5)
[0512/235023.536:ERROR:process_reader_win.cc(154)] SuspendThread: Access is denied. (0x5)
[0512/235023.536:ERROR:process_reader_win.cc(154)] SuspendThread: Access is denied. (0x5)
[0512/235023.536:ERROR:process_reader_win.cc(154)] SuspendThread: Access is denied. (0x5)
[0512/235023.536:ERROR:process_reader_win.cc(154)] SuspendThread: Access is denied. (0x5)
[0512/235023.536:ERROR:process_reader_win.cc(154)] SuspendThread: Access is denied. (0x5)
[0512/235023.536:ERROR:process_reader_win.cc(154)] SuspendThread: Access is denied. (0x5)
[0512/235023.536:ERROR:process_reader_win.cc(154)] SuspendThread: Access is denied. (0x5)
[0512/235023.536:ERROR:process_reader_win.cc(154)] SuspendThread: Access is denied. (0x5)
[0512/235023.536:ERROR:process_reader_win.cc(154)] SuspendThread: Access is denied. (0x5)
[0512/235023.536:ERROR:process_reader_win.cc(154)] SuspendThread: Access is denied. (0x5)
[0512/235023.536:ERROR:process_reader_win.cc(154)] SuspendThread: Access is denied. (0x5)
[0512/235023.536:ERROR:process_reader_win.cc(154)] SuspendThread: Access is denied. (0x5)
[0512/235023.536:ERROR:process_reader_win.cc(126)] NtOpenThread: {Access Denied} A process has requested access to an object, but has not been granted those access rights. (0xc0000022)
[0512/235023.536:ERROR:exception_snapshot_win.cc(98)] thread ID 41284 not found in process
[0515/231015.568:ERROR:process_reader_win.cc(126)] NtOpenThread: {Access Denied} A process has requested access to an object, but has not been granted those access rights. (0xc0000022)
[0515/231015.573:ERROR:exception_snapshot_win.cc(98)] thread ID 12060 not found in process
[0515/231015.579:ERROR:process_reader_win.cc(154)] SuspendThread: Access is denied. (0x5)
[0515/231015.579:ERROR:process_reader_win.cc(154)] SuspendThread: Access is denied. (0x5)
[0515/231015.579:ERROR:process_reader_win.cc(154)] SuspendThread: Access is denied. (0x5)
[0515/231015.579:ERROR:process_reader_win.cc(154)] SuspendThread: Access is denied. (0x5)
[0515/231015.579:ERROR:process_reader_win.cc(154)] SuspendThread: Access is denied. (0x5)
[0515/231015.579:ERROR:process_reader_win.cc(154)] SuspendThread: Access is denied. (0x5)
[0515/231015.580:ERROR:process_reader_win.cc(154)] SuspendThread: Access is denied. (0x5)
[0515/231015.580:ERROR:process_reader_win.cc(154)] SuspendThread: Access is denied. (0x5)
[0515/231015.580:ERROR:process_reader_win.cc(154)] SuspendThread: Access is denied. (0x5)
[0515/231015.580:ERROR:process_reader_win.cc(126)] NtOpenThread: {Access Denied} A process has requested access to an object, but has not been granted those access rights. (0xc0000022)
[0515/231015.580:ERROR:exception_snapshot_win.cc(98)] thread ID 10924 not found in process
[0515/231015.559:ERROR:process_reader_win.cc(154)] SuspendThread: Access is denied. (0x5)
[0515/231015.594:ERROR:process_reader_win.cc(154)] SuspendThread: Access is denied. (0x5)
[0515/231015.594:ERROR:process_reader_win.cc(154)] SuspendThread: Access is denied. (0x5)
[0515/231015.594:ERROR:process_reader_win.cc(154)] SuspendThread: Access is denied. (0x5)
[0515/231015.594:ERROR:process_reader_win.cc(154)] SuspendThread: Access is denied. (0x5)
[0515/231015.594:ERROR:process_reader_win.cc(154)] SuspendThread: Access is denied. (0x5)
[0515/231015.594:ERROR:process_reader_win.cc(154)] SuspendThread: Access is denied. (0x5)
[0515/231015.594:ERROR:process_reader_win.cc(154)] SuspendThread: Access is denied. (0x5)
[0515/231015.594:ERROR:process_reader_win.cc(154)] SuspendThread: Access is denied. (0x5)
[0515/231015.594:ERROR:process_reader_win.cc(154)] SuspendThread: Access is denied. (0x5)
[0515/231015.594:ERROR:process_reader_win.cc(154)] SuspendThread: Access is denied. (0x5)
[0515/231015.594:ERROR:process_reader_win.cc(154)] SuspendThread: Access is denied. (0x5)
[0515/231015.594:ERROR:process_reader_win.cc(154)] SuspendThread: Access is denied. (0x5)
[0515/231015.594:ERROR:process_reader_win.cc(126)] NtOpenThread: {Access Denied} A process has requested access to an object, but has not been granted those access rights. (0xc0000022)
[0515/231015.594:ERROR:exception_snapshot_win.cc(98)] thread ID 19872 not found in process
[0515/231015.565:ERROR:process_reader_win.cc(126)] NtOpenThread: {Access Denied} A process has requested access to an object, but has not been granted those access rights. (0xc0000022)
[0515/231015.599:ERROR:exception_snapshot_win.cc(98)] thread ID 22192 not found in process
[0515/231015.566:ERROR:process_reader_win.cc(154)] SuspendThread: Access is denied. (0x5)
[0515/231015.603:ERROR:process_reader_win.cc(154)] SuspendThread: Access is denied. (0x5)
[0515/231015.603:ERROR:process_reader_win.cc(154)] SuspendThread: Access is denied. (0x5)
[0515/231015.603:ERROR:process_reader_win.cc(154)] SuspendThread: Access is denied. (0x5)
[0515/231015.603:ERROR:process_reader_win.cc(154)] SuspendThread: Access is denied. (0x5)
[0515/231015.603:ERROR:process_reader_win.cc(154)] SuspendThread: Access is denied. (0x5)
[0515/231015.603:ERROR:process_reader_win.cc(154)] SuspendThread: Access is denied. (0x5)
[0515/231015.603:ERROR:process_reader_win.cc(154)] SuspendThread: Access is denied. (0x5)
[0515/231015.603:ERROR:process_reader_win.cc(154)] SuspendThread: Access is denied. (0x5)
[0515/231015.603:ERROR:process_reader_win.cc(126)] NtOpenThread: {Access Denied} A process has requested access to an object, but has not been granted those access rights. (0xc0000022)
[0515/231015.603:ERROR:exception_snapshot_win.cc(98)] thread ID 21276 not found in process
[0515/231015.612:ERROR:process_reader_win.cc(126)] NtOpenThread: {Access Denied} A process has requested access to an object, but has not been granted those access rights. (0xc0000022)
[0515/231015.612:ERROR:exception_snapshot_win.cc(98)] thread ID 10284 not found in process
[0515/231015.625:ERROR:process_reader_win.cc(154)] SuspendThread: Access is denied. (0x5)
[0515/231015.625:ERROR:process_reader_win.cc(154)] SuspendThread: Access is denied. (0x5)
[0515/231015.625:ERROR:process_reader_win.cc(154)] SuspendThread: Access is denied. (0x5)
[0515/231015.625:ERROR:process_reader_win.cc(154)] SuspendThread: Access is denied. (0x5)
[0515/231015.625:ERROR:process_reader_win.cc(154)] SuspendThread: Access is denied. (0x5)
[0515/231015.625:ERROR:process_reader_win.cc(154)] SuspendThread: Access is denied. (0x5)
[0515/231015.625:ERROR:process_reader_win.cc(154)] SuspendThread: Access is denied. (0x5)
[0515/231015.625:ERROR:process_reader_win.cc(154)] SuspendThread: Access is denied. (0x5)
[0515/231015.625:ERROR:process_reader_win.cc(154)] SuspendThread: Access is denied. (0x5)
[0515/231015.625:ERROR:process_reader_win.cc(154)] SuspendThread: Access is denied. (0x5)
[0515/231015.625:ERROR:process_reader_win.cc(126)] NtOpenThread: {Access Denied} A process has requested access to an object, but has not been granted those access rights. (0xc0000022)
[0515/231015.626:ERROR:exception_snapshot_win.cc(98)] thread ID 20096 not found in process
[0515/231015.634:ERROR:process_reader_win.cc(126)] NtOpenThread: {Access Denied} A process has requested access to an object, but has not been granted those access rights. (0xc0000022)
[0515/231015.634:ERROR:exception_snapshot_win.cc(98)] thread ID 19948 not found in process
[0515/231015.642:ERROR:process_reader_win.cc(154)] SuspendThread: Access is denied. (0x5)
[0515/231015.642:ERROR:process_reader_win.cc(154)] SuspendThread: Access is denied. (0x5)
[0515/231015.642:ERROR:process_reader_win.cc(154)] SuspendThread: Access is denied. (0x5)
[0515/231015.642:ERROR:process_reader_win.cc(154)] SuspendThread: Access is denied. (0x5)
[0515/231015.642:ERROR:process_reader_win.cc(154)] SuspendThread: Access is denied. (0x5)
[0515/231015.643:ERROR:process_reader_win.cc(154)] SuspendThread: Access is denied. (0x5)
[0515/231015.643:ERROR:process_reader_win.cc(154)] SuspendThread: Access is denied. (0x5)
[0515/231015.643:ERROR:process_reader_win.cc(126)] NtOpenThread: {Access Denied} A process has requested access to an object, but has not been granted those access rights. (0xc0000022)
[0515/231015.643:ERROR:exception_snapshot_win.cc(98)] thread ID 20240 not found in process
[0515/231015.647:ERROR:process_reader_win.cc(126)] NtOpenThread: {Access Denied} A process has requested access to an object, but has not been granted those access rights. (0xc0000022)
[0515/231015.647:ERROR:exception_snapshot_win.cc(98)] thread ID 8400 not found in process
[0515/231015.649:ERROR:process_reader_win.cc(126)] NtOpenThread: {Access Denied} A process has requested access to an object, but has not been granted those access rights. (0xc0000022)
[0515/231015.649:ERROR:exception_snapshot_win.cc(98)] thread ID 13136 not found in process
[0515/231015.672:ERROR:process_reader_win.cc(154)] SuspendThread: Access is denied. (0x5)
[0515/231015.672:ERROR:process_reader_win.cc(154)] SuspendThread: Access is denied. (0x5)
[0515/231015.672:ERROR:process_reader_win.cc(154)] SuspendThread: Access is denied. (0x5)
[0515/231015.672:ERROR:process_reader_win.cc(154)] SuspendThread: Access is denied. (0x5)
[0515/231015.672:ERROR:process_reader_win.cc(154)] SuspendThread: Access is denied. (0x5)
[0515/231015.672:ERROR:process_reader_win.cc(154)] SuspendThread: Access is denied. (0x5)
[0515/231015.672:ERROR:process_reader_win.cc(154)] SuspendThread: Access is denied. (0x5)
[0515/231015.672:ERROR:process_reader_win.cc(154)] SuspendThread: Access is denied. (0x5)
[0515/231015.672:ERROR:process_reader_win.cc(154)] SuspendThread: Access is denied. (0x5)
[0515/231015.672:ERROR:process_reader_win.cc(154)] SuspendThread: Access is denied. (0x5)
[0515/231015.672:ERROR:process_reader_win.cc(154)] SuspendThread: Access is denied. (0x5)
[0515/231015.672:ERROR:process_reader_win.cc(154)] SuspendThread: Access is denied. (0x5)
[0515/231015.672:ERROR:process_reader_win.cc(154)] SuspendThread: Access is denied. (0x5)
[0515/231015.672:ERROR:process_reader_win.cc(126)] NtOpenThread: {Access Denied} A process has requested access to an object, but has not been granted those access rights. (0xc0000022)
[0515/231015.672:ERROR:exception_snapshot_win.cc(98)] thread ID 18740 not found in process
